<?xml version="1.0" encoding="UTF-8"?>
<testng-results ignored="0" total="1" passed="1" failed="0" skipped="0">
  <reporter-output>
  </reporter-output>
  <suite started-at="2025-08-09T16:47:10 EEST" name="Surefire suite" finished-at="2025-08-09T16:47:19 EEST" duration-ms="9323">
    <groups>
      <group name="Smoke">
        <method signature="CheckingCartAfterLogoutTests.checkingOnProductsAfterLogoutTest()[pri:0, instance:swagLabsTests.tests.cart.CheckingCartAfterLogoutTests@3a5ecce3]" name="checkingOnProductsAfterLogoutTest" class="swagLabsTests.tests.cart.CheckingCartAfterLogoutTests"/>
      </group> <!-- Smoke -->
    </groups>
    <test started-at="2025-08-09T16:47:10 EEST" name="Surefire test" finished-at="2025-08-09T16:47:19 EEST" duration-ms="9323">
      <class name="swagLabsTests.tests.cart.CheckingCartAfterLogoutTests">
        <test-method is-config="true" signature="launchApp()[pri:0, instance:swagLabsTests.tests.cart.CheckingCartAfterLogoutTests@3a5ecce3]" started-at="2025-08-09T16:47:10 EEST" name="launchApp" finished-at="2025-08-09T16:47:15 EEST" duration-ms="4754" status="PASS">
          <reporter-output>
          </reporter-output>
        </test-method> <!-- launchApp -->
        <test-method signature="checkingOnProductsAfterLogoutTest()[pri:0, instance:swagLabsTests.tests.cart.CheckingCartAfterLogoutTests@3a5ecce3]" started-at="2025-08-09T16:47:15 EEST" name="checkingOnProductsAfterLogoutTest" finished-at="2025-08-09T16:47:18 EEST" duration-ms="3380" status="PASS">
          <reporter-output>
          </reporter-output>
        </test-method> <!-- checkingOnProductsAfterLogoutTest -->
        <test-method is-config="true" signature="tearDown()[pri:0, instance:swagLabsTests.tests.cart.CheckingCartAfterLogoutTests@3a5ecce3]" started-at="2025-08-09T16:47:18 EEST" name="tearDown" finished-at="2025-08-09T16:47:19 EEST" duration-ms="532" status="PASS">
          <reporter-output>
          </reporter-output>
        </test-method> <!-- tearDown -->
      </class> <!-- swagLabsTests.tests.cart.CheckingCartAfterLogoutTests -->
    </test> <!-- Surefire test -->
  </suite> <!-- Surefire suite -->
</testng-results>
