<?xml version="1.0" encoding="UTF-8"?>
<testsuite xmlns:xsi="http://www.w3.org/2001/XMLSchema-instance" xsi:noNamespaceSchemaLocation="https://maven.apache.org/surefire/maven-surefire-plugin/xsd/surefire-test-report.xsd" version="3.0.2" name="swagLabsTests.tests.cart.CheckingCartAfterLogoutTests" time="11.1" tests="1" errors="0" skipped="0" failures="0">
  <properties>
[...]
</properties>
  <testcase name="checkingOnProductsAfterLogoutTest" classname="swagLabsTests.tests.cart.CheckingCartAfterLogoutTests" time="3.16">
    <system-out><![CDATA[16:47:10.238 [main] INFO  swagLabsMain.utils.AllureListener - Test suite started: Surefire test
16:47:10.366 [main] INFO  s.testComponents.BaseTest - Starting test setup - launching application
16:47:10.367 [main] INFO  swagLabsMain.driver.DriverFactory - Loading browser configuration from properties file
16:47:10.370 [main] INFO  swagLabsMain.driver.DriverFactory - Initializing browser: chrome
16:47:13.899 [main] INFO  swagLabsMain.driver.DriverFactory - Chrome browser initialized successfully
16:47:15.083 [main] INFO  s.testComponents.BaseTest - Application launched successfully
16:47:15.533 [main] INFO  swagLabsMain.utils.AllureListener - Starting test: checkingOnProductsAfterLogoutTest
]]></system-out>
    <system-err><![CDATA[Aug 09, 2025 4:47:13 PM org.openqa.selenium.devtools.CdpVersionFinder findNearestMatch
WARNING: Unable to find an exact match for CDP version 138, returning the closest version; found: 137; Please update to a Selenium version that supports CDP version 138
]]></system-err>
  </testcase>
</testsuite>