<?xml version="1.0" encoding="UTF-8"?>
<!-- Generated by org.testng.reporters.JUnitXMLReporter -->
<testsuite ignored="0" hostname="Omar-Mokhtar" failures="1" tests="20" name="Surefire test" time="138.204" errors="0" timestamp="2025-07-28T15:29:51 EEST">
  <testcase classname="Omar.SwagLabsProject.AddingAndRemovingProductsTest" name="addAndRemoveProductFromCartTest" time="3.904"/>
  <testcase classname="Omar.SwagLabsProject.AddingAndRemovingProductsTest" name="addAndRemoveProductFromProductDetailsPageTest" time="3.784"/>
  <testcase classname="Omar.SwagLabsProject.AddingAndRemovingProductsTest" name="removeProductFromProductPageTest" time="4.024"/>
  <testcase classname="Omar.SwagLabsProject.CheckingCartAfterLogoutTests" name="CheckingOnProductsAfterLogoutTest" time="3.316"/>
  <testcase classname="Omar.SwagLabsProject.ErrorValidationsTests" name="blankPasswordLoginTest" time="1.516"/>
  <testcase classname="Omar.SwagLabsProject.ErrorValidationsTests" name="blankUsernameLoginTest" time="0.445"/>
  <testcase classname="Omar.SwagLabsProject.ErrorValidationsTests" name="emptyFirstNameInCheckoutTest" time="3.403"/>
  <testcase classname="Omar.SwagLabsProject.ErrorValidationsTests" name="emptyLastNameInCheckoutTest" time="2.581"/>
  <testcase classname="Omar.SwagLabsProject.ErrorValidationsTests" name="emptyPostalCodeInCheckoutTest" time="2.929"/>
  <testcase classname="Omar.SwagLabsProject.ErrorValidationsTests" name="invalidPasswordLoginTest" time="1.583"/>
  <testcase classname="Omar.SwagLabsProject.ErrorValidationsTests" name="invalidUsernameLoginTest" time="0.521"/>
  <testcase classname="Omar.SwagLabsProject.ErrorValidationsTests" name="lockedOutUserLoginTest" time="0.525">
    <skipped/>
  </testcase> <!-- lockedOutUserLoginTest -->
  <testcase classname="Omar.SwagLabsProject.ErrorValidationsTests" name="lockedOutUserLoginTest" time="1.488">
    <skipped/>
  </testcase> <!-- lockedOutUserLoginTest -->
  <testcase classname="Omar.SwagLabsProject.ErrorValidationsTests" name="lockedOutUserLoginTest" time="1.729">
    <failure type="java.lang.AssertionError" message="expected [Epic sadface: Sorry, this user has been locked.] but found [Epic sadface: Sorry, this user has been locked out.]">
      <![CDATA[java.lang.AssertionError: expected [Epic sadface: Sorry, this user has been locked.] but found [Epic sadface: Sorry, this user has been locked out.]
at Omar.SwagLabsProject.ErrorValidationsTests.lockedOutUserLoginTest(ErrorValidationsTests.java:85)
at java.base/java.util.ArrayList.forEach(ArrayList.java:1596)
... Removed 36 stack frames]]>
    </failure>
  </testcase> <!-- lockedOutUserLoginTest -->
  <testcase classname="Omar.SwagLabsProject.SubmittingOrderTests" name="fullPurchaseTest" time="3.802"/>
  <testcase classname="Omar.SwagLabsProject.SubmittingOrderTests" name="fullPurchaseTest" time="5.298"/>
  <testcase classname="Omar.SwagLabsProject.SubmittingOrderTests" name="fullPurchaseTest" time="3.65"/>
  <testcase classname="Omar.SwagLabsProject.ValidLoginTests" name="validPerformanceUserLoginTest" time="9.351"/>
  <testcase classname="Omar.SwagLabsProject.ValidLoginTests" name="validProblemUserLoginTest" time="1.988"/>
  <testcase classname="Omar.SwagLabsProject.ValidLoginTests" name="validStandardUserLoginTest" time="1.92"/>
</testsuite> <!-- Surefire test -->
