<?xml version="1.0" encoding="UTF-8"?>
<!-- Generated by org.testng.reporters.JUnitXMLReporter -->
<testsuite ignored="2" hostname="Omar-Mokhtar" failures="0" tests="1" name="Default test" time="7.21" errors="0" timestamp="2025-07-14T23:45:45 EEST">
  <testcase classname="Omar.SwagLabsProject.CheckingCartAfterLogout" name="CheckoingOnProductsAfterLogoutTest" time="3.841"/>
  <testcase classname="Omar.SwagLabsProject.CheckingCartAfterLogout" name="removeProductFromProductPageTest" time="0.0">
    <ignored/>
  </testcase> <!-- removeProductFromProductPageTest -->
  <testcase classname="Omar.SwagLabsProject.CheckingCartAfterLogout" name="addAndRemoveProductFromProductDetailsPageTest" time="0.0">
    <ignored/>
  </testcase> <!-- addAndRemoveProductFromProductDetailsPageTest -->
</testsuite> <!-- Default test -->
