<?xml version="1.0" encoding="UTF-8"?>
<!-- Generated by org.testng.reporters.JUnitXMLReporter -->
<testsuite ignored="0" hostname="Omar-Mokhtar" failures="0" tests="4" name="Submit Order Test" time="184.588" errors="0" timestamp="2025-07-14T22:10:31 EEST">
  <testcase classname="Omar.SwagLabsProject.submitOrderTest" name="fullPurchaseTest" time="5.823"/>
  <testcase classname="Omar.SwagLabsProject.submitOrderTest" name="fullPurchaseTest" time="146.49"/>
  <testcase classname="Omar.SwagLabsProject.submitOrderTest" name="fullPurchaseTest" time="16.776">
    <skipped/>
  </testcase> <!-- fullPurchaseTest -->
  <testcase classname="Omar.SwagLabsProject.submitOrderTest" name="fullPurchaseTest" time="3.566"/>
</testsuite> <!-- Submit Order Test -->
