<?xml version="1.0" encoding="UTF-8"?>
<!-- Generated by org.testng.reporters.JUnitXMLReporter -->
<testsuite ignored="0" hostname="SwagLabs-Mokhtar" failures="0" tests="3" name="Valid Login Test" time="257.482" errors="0" timestamp="2025-07-14T22:11:44 EEST">
  <testcase classname="SwagLabs.Tests.ValidLoginTests" name="validPerformanceUserLoginTest" time="138.296"/>
  <testcase classname="SwagLabs.Tests.ValidLoginTests" name="validProblemUserLoginTest" time="0.645"/>
  <testcase classname="SwagLabs.Tests.ValidLoginTests" name="validStandardUserLoginTest" time="101.965"/>
</testsuite> <!-- Valid Login Test -->
