<?xml version="1.0" encoding="UTF-8"?>
<!-- Generated by org.testng.reporters.JUnitXMLReporter -->
<testsuite ignored="0" hostname="Omar-Mokhtar" failures="0" tests="3" name="Validating Adding and Removing items Test" time="16.697" errors="0" timestamp="2025-07-14T23:03:29 EEST">
  <testcase classname="Omar.SwagLabsProject.AddingAndRemovingProducts" name="addAndRemoveProductFromCartTest" time="3.146"/>
  <testcase classname="Omar.SwagLabsProject.AddingAndRemovingProducts" name="addAndRemoveProductFromProductDetailsPageTest" time="3.845"/>
  <testcase classname="Omar.SwagLabsProject.AddingAndRemovingProducts" name="removeProductFromProductPageTest" time="3.469"/>
</testsuite> <!-- Validating Adding and Removing items Test -->
