<?xml version="1.0" encoding="UTF-8"?>
<!-- Generated by org.testng.reporters.JUnitXMLReporter -->
<testsuite ignored="0" hostname="Omar-Mokhtar" failures="0" tests="1" name="Adding and Removing Products Functionality Test" time="0.014" errors="0" timestamp="2025-07-15T03:05:46 EEST">
  <testcase classname="Omar.SwagLabsProject.CheckingCartAfterLogout" name="CheckoingOnProductsAfterLogoutTest" time="0.0">
    <skipped/>
  </testcase> <!-- CheckoingOnProductsAfterLogoutTest -->
</testsuite> <!-- Adding and Removing Products Functionality Test -->
