<?xml version="1.0" encoding="UTF-8"?>
<!-- Generated by org.testng.reporters.JUnitXMLReporter -->
<testsuite ignored="0" hostname="Omar-Mokhtar" failures="0" tests="3" name="Submit Order Test" time="24.192" errors="0" timestamp="2025-06-29T00:23:17 EEST">
  <testcase classname="Omar.SwagLabsProject.submitOrderTest" name="fullPurchaseTest" time="3.625"/>
  <testcase classname="Omar.SwagLabsProject.submitOrderTest" name="fullPurchaseTest" time="3.688"/>
  <testcase classname="Omar.SwagLabsProject.submitOrderTest" name="fullPurchaseTest" time="3.007"/>
</testsuite> <!-- Submit Order Test -->
