<?xml version="1.0" encoding="UTF-8"?>
<!-- Generated by org.testng.reporters.JUnitXMLReporter -->
<testsuite ignored="0" hostname="Omar-Mokhtar" failures="0" tests="3" name="Validating Adding and Removing items Test" time="0.063" errors="0" timestamp="2025-07-15T03:05:46 EEST">
  <testcase classname="Omar.SwagLabsProject.AddingAndRemovingProducts" name="addAndRemoveProductFromCartTest" time="0.0">
    <skipped/>
  </testcase> <!-- addAndRemoveProductFromCartTest -->
  <testcase classname="Omar.SwagLabsProject.AddingAndRemovingProducts" name="addAndRemoveProductFromProductDetailsPageTest" time="0.0">
    <skipped/>
  </testcase> <!-- addAndRemoveProductFromProductDetailsPageTest -->
  <testcase classname="Omar.SwagLabsProject.AddingAndRemovingProducts" name="removeProductFromProductPageTest" time="0.0">
    <skipped/>
  </testcase> <!-- removeProductFromProductPageTest -->
</testsuite> <!-- Validating Adding and Removing items Test -->
