<?xml version="1.0" encoding="UTF-8"?>
<!-- Generated by org.testng.reporters.JUnitXMLReporter -->
<testsuite ignored="0" hostname="Omar-Mokhtar" failures="0" tests="3" name="Validating Logins Test" time="0.083" errors="0" timestamp="2025-07-15T03:05:46 EEST">
  <testcase classname="Omar.SwagLabsProject.ValidLoginTests" name="validPerformanceUserLoginTest" time="0.0">
    <skipped/>
  </testcase> <!-- validPerformanceUserLoginTest -->
  <testcase classname="Omar.SwagLabsProject.ValidLoginTests" name="validProblemUserLoginTest" time="0.0">
    <skipped/>
  </testcase> <!-- validProblemUserLoginTest -->
  <testcase classname="Omar.SwagLabsProject.ValidLoginTests" name="validStandardUserLoginTest" time="0.0">
    <skipped/>
  </testcase> <!-- validStandardUserLoginTest -->
</testsuite> <!-- Validating Logins Test -->
