<?xml version="1.0" encoding="UTF-8"?>
<!-- Generated by org.testng.reporters.JUnitXMLReporter -->
<testsuite ignored="0" hostname="swagLabsMain-Mokhtar" failures="0" tests="14" name="Test" time="58.885" errors="0" timestamp="2025-06-28T04:05:02 EEST">
  <testcase classname="swagLabsMain.Tests.submitOrderTest" name="fullPurchaseTest" time="2.939"/>
  <testcase classname="swagLabsMain.Tests.submitOrderTest" name="fullPurchaseTest" time="2.556"/>
  <testcase classname="swagLabsMain.Tests.submitOrderTest" name="fullPurchaseTest" time="2.37"/>
  <testcase classname="swagLabsMain.Tests.ErrorValidationsTests" name="blankPasswordLoginTest" time="0.231"/>
  <testcase classname="swagLabsMain.Tests.ErrorValidationsTests" name="blankUsernameLoginTest" time="0.207"/>
  <testcase classname="swagLabsMain.Tests.ErrorValidationsTests" name="emptyFirstNameInCheckoutTest" time="1.675"/>
  <testcase classname="swagLabsMain.Tests.ErrorValidationsTests" name="emptyLastNameInCheckoutTest" time="1.646"/>
  <testcase classname="swagLabsMain.Tests.ErrorValidationsTests" name="emptyPostalCodeInCheckoutTest" time="1.693"/>
  <testcase classname="swagLabsMain.Tests.ErrorValidationsTests" name="invalidPasswordLoginTest" time="0.256"/>
  <testcase classname="swagLabsMain.Tests.ErrorValidationsTests" name="invalidUsernameLoginTest" time="0.246"/>
  <testcase classname="swagLabsMain.Tests.ErrorValidationsTests" name="lockedOutUserLoginTest" time="0.347"/>
  <testcase classname="swagLabsMain.Tests.Login.ValidLoginTests" name="validPerformanceUserLoginTest" time="6.222"/>
  <testcase classname="swagLabsMain.Tests.Login.ValidLoginTests" name="validProblemUserLoginTest" time="0.625"/>
  <testcase classname="swagLabsMain.Tests.Login.ValidLoginTests" name="validStandardUserLoginTest" time="1.26"/>
</testsuite> <!-- Test -->
