<?xml version="1.0" encoding="UTF-8"?>
<!-- Generated by org.testng.reporters.JUnitXMLReporter -->
<testsuite ignored="0" hostname="swagLabsMain-Mokhtar" failures="0" tests="3" name="Validation Full Order Test" time="35.768" errors="0" timestamp="2025-07-14T23:03:13 EEST">
  <testcase classname="swagLabsMain.Tests.submitOrderTest" name="fullPurchaseTest" time="21.826"/>
  <testcase classname="swagLabsMain.Tests.submitOrderTest" name="fullPurchaseTest" time="3.259"/>
  <testcase classname="swagLabsMain.Tests.submitOrderTest" name="fullPurchaseTest" time="3.308"/>
</testsuite> <!-- Validation Full Order Test -->
