<?xml version="1.0" encoding="UTF-8"?>
<!-- Generated by org.testng.reporters.JUnitXMLReporter -->
<testsuite ignored="0" hostname="swagLabsMain-Mokhtar" failures="0" tests="3" name="Validating Logins Test" time="15.54" errors="0" timestamp="2025-07-14T23:03:45 EEST">
  <testcase classname="swagLabsMain.Tests.Login.ValidLoginTests" name="validPerformanceUserLoginTest" time="7.182"/>
  <testcase classname="swagLabsMain.Tests.Login.ValidLoginTests" name="validProblemUserLoginTest" time="0.674"/>
  <testcase classname="swagLabsMain.Tests.Login.ValidLoginTests" name="validStandardUserLoginTest" time="1.621"/>
</testsuite> <!-- Validating Logins Test -->
